<?xml version="1.0" encoding="UTF-8"?>
<testng-results ignored="0" total="2" passed="2" failed="0" skipped="0">
  <reporter-output>
  </reporter-output>
  <suite started-at="2024-02-16T16:23:21 IST" name="Default suite" finished-at="2024-02-16T16:24:04 IST" duration-ms="43101">
    <groups>
    </groups>
    <test started-at="2024-02-16T16:23:21 IST" name="Default test" finished-at="2024-02-16T16:24:04 IST" duration-ms="43101">
      <class name="testpkg.SB_Tests">
        <test-method is-config="true" signature="setup()[pri:0, instance:testpkg.SB_Tests@70e9c95d]" started-at="2024-02-16T16:23:21 IST" name="setup" finished-at="2024-02-16T16:23:27 IST" duration-ms="5692" status="PASS">
          <reporter-output>
          </reporter-output>
        </test-method> <!-- setup -->
        <test-method signature="Verify_login_with_valid_credentials()[pri:0, instance:testpkg.SB_Tests@70e9c95d]" started-at="2024-02-16T16:23:27 IST" name="Verify_login_with_valid_credentials" finished-at="2024-02-16T16:23:41 IST" duration-ms="14325" status="PASS">
          <reporter-output>
          </reporter-output>
        </test-method> <!-- Verify_login_with_valid_credentials -->
        <test-method signature="View_menu_add_to_cart()[pri:2, instance:testpkg.SB_Tests@70e9c95d]" started-at="2024-02-16T16:23:41 IST" name="View_menu_add_to_cart" finished-at="2024-02-16T16:24:04 IST" duration-ms="22823" status="PASS">
          <reporter-output>
          </reporter-output>
        </test-method> <!-- View_menu_add_to_cart -->
        <test-method is-config="true" signature="posttest()[pri:0, instance:testpkg.SB_Tests@70e9c95d]" started-at="2024-02-16T16:24:04 IST" name="posttest" finished-at="2024-02-16T16:24:04 IST" duration-ms="207" status="PASS">
          <reporter-output>
          </reporter-output>
        </test-method> <!-- posttest -->
      </class> <!-- testpkg.SB_Tests -->
    </test> <!-- Default test -->
  </suite> <!-- Default suite -->
</testng-results>
